# JRE version: OpenJDK Runtime Environment (7.0_55-b14) (build 1.7.0_55-b14)
# Java VM: OpenJDK 64-Bit Server VM (24.51-b03 mixed mode linux-amd64 compressed oops)
Heap
 PSYoungGen      total 53760K, used 27989K [0x00000000f5500000, 0x00000000fbe00000, 0x0000000100000000)
  eden space 50176K, 48% used [0x00000000f5500000,0x00000000f6cd8b98,0x00000000f8600000)
  from space 3584K, 99% used [0x00000000fba80000,0x00000000fbdfcb00,0x00000000fbe00000)
  to   space 3584K, 0% used [0x00000000f8600000,0x00000000f8600000,0x00000000f8980000)
 ParOldGen       total 63488K, used 15913K [0x00000000e0000000, 0x00000000e3e00000, 0x00000000f5500000)
  object space 63488K, 25% used [0x00000000e0000000,0x00000000e0f8a6f0,0x00000000e3e00000)
 PSPermGen       total 21504K, used 21274K [0x00000000d5a00000, 0x00000000d6f00000, 0x00000000e0000000)
  object space 21504K, 98% used [0x00000000d5a00000,0x00000000d6ec6b00,0x00000000d6f00000)
GC Heap History (8 events):
Event: 1,213 GC heap before
{Heap before GC invocations=1 (full 0):
 PSYoungGen      total 28672K, used 25088K [0x00000000f5500000, 0x00000000f7480000, 0x0000000100000000)
  eden space 25088K, 100% used [0x00000000f5500000,0x00000000f6d80000,0x00000000f6d80000)
  from space 3584K, 0% used [0x00000000f7100000,0x00000000f7100000,0x00000000f7480000)
  to   space 3584K, 0% used [0x00000000f6d80000,0x00000000f6d80000,0x00000000f7100000)
 ParOldGen       total 63488K, used 0K [0x00000000e0000000, 0x00000000e3e00000, 0x00000000f5500000)
  object space 63488K, 0% used [0x00000000e0000000,0x00000000e0000000,0x00000000e3e00000)
 PSPermGen       total 21504K, used 14636K [0x00000000d5a00000, 0x00000000d6f00000, 0x00000000e0000000)
  object space 21504K, 68% used [0x00000000d5a00000,0x00000000d684b1a0,0x00000000d6f00000)
Event: 1,226 GC heap after
Heap after GC invocations=1 (full 0):
 PSYoungGen      total 28672K, used 3554K [0x00000000f5500000, 0x00000000f8d00000, 0x0000000100000000)
  eden space 25088K, 0% used [0x00000000f5500000,0x00000000f5500000,0x00000000f6d80000)
  from space 3584K, 99% used [0x00000000f6d80000,0x00000000f70f8aa0,0x00000000f7100000)
  to   space 3584K, 0% used [0x00000000f8980000,0x00000000f8980000,0x00000000f8d00000)
 ParOldGen       total 63488K, used 3184K [0x00000000e0000000, 0x00000000e3e00000, 0x00000000f5500000)
  object space 63488K, 5% used [0x00000000e0000000,0x00000000e031c1c8,0x00000000e3e00000)
 PSPermGen       total 21504K, used 14636K [0x00000000d5a00000, 0x00000000d6f00000, 0x00000000e0000000)
  object space 21504K, 68% used [0x00000000d5a00000,0x00000000d684b1a0,0x00000000d6f00000)
}
Event: 1,871 GC heap before
{Heap before GC invocations=2 (full 0):
 PSYoungGen      total 28672K, used 28642K [0x00000000f5500000, 0x00000000f8d00000, 0x0000000100000000)
  eden space 25088K, 100% used [0x00000000f5500000,0x00000000f6d80000,0x00000000f6d80000)
  from space 3584K, 99% used [0x00000000f6d80000,0x00000000f70f8aa0,0x00000000f7100000)
  to   space 3584K, 0% used [0x00000000f8980000,0x00000000f8980000,0x00000000f8d00000)
 ParOldGen       total 63488K, used 3184K [0x00000000e0000000, 0x00000000e3e00000, 0x00000000f5500000)
  object space 63488K, 5% used [0x00000000e0000000,0x00000000e031c1c8,0x00000000e3e00000)
 PSPermGen       total 21504K, used 17432K [0x00000000d5a00000, 0x00000000d6f00000, 0x00000000e0000000)
  object space 21504K, 81% used [0x00000000d5a00000,0x00000000d6b06108,0x00000000d6f00000)
Event: 1,888 GC heap after
Heap after GC invocations=2 (full 0):
 PSYoungGen      total 53760K, used 3572K [0x00000000f5500000, 0x00000000f8d00000, 0x0000000100000000)
  eden space 50176K, 0% used [0x00000000f5500000,0x00000000f5500000,0x00000000f8600000)
  from space 3584K, 99% used [0x00000000f8980000,0x00000000f8cfd300,0x00000000f8d00000)
  to   space 3584K, 0% used [0x00000000f8600000,0x00000000f8600000,0x00000000f8980000)
 ParOldGen       total 63488K, used 10193K [0x00000000e0000000, 0x00000000e3e00000, 0x00000000f5500000)
  object space 63488K, 16% used [0x00000000e0000000,0x00000000e09f4498,0x00000000e3e00000)
 PSPermGen       total 21504K, used 17432K [0x00000000d5a00000, 0x00000000d6f00000, 0x00000000e0000000)
  object space 21504K, 81% used [0x00000000d5a00000,0x00000000d6b06108,0x00000000d6f00000)
}
Event: 68,673 GC heap before
{Heap before GC invocations=3 (full 0):
 PSYoungGen      total 53760K, used 53748K [0x00000000f5500000, 0x00000000f8d00000, 0x0000000100000000)
  eden space 50176K, 100% used [0x00000000f5500000,0x00000000f8600000,0x00000000f8600000)
  from space 3584K, 99% used [0x00000000f8980000,0x00000000f8cfd300,0x00000000f8d00000)
  to   space 3584K, 0% used [0x00000000f8600000,0x00000000f8600000,0x00000000f8980000)
 ParOldGen       total 63488K, used 10193K [0x00000000e0000000, 0x00000000e3e00000, 0x00000000f5500000)
  object space 63488K, 16% used [0x00000000e0000000,0x00000000e09f4498,0x00000000e3e00000)
 PSPermGen       total 21504K, used 20624K [0x00000000d5a00000, 0x00000000d6f00000, 0x00000000e0000000)
  object space 21504K, 95% used [0x00000000d5a00000,0x00000000d6e241d0,0x00000000d6f00000)
Event: 68,687 GC heap after
Heap after GC invocations=3 (full 0):
 PSYoungGen      total 53760K, used 3570K [0x00000000f5500000, 0x00000000fbe00000, 0x0000000100000000)
  eden space 50176K, 0% used [0x00000000f5500000,0x00000000f5500000,0x00000000f8600000)
  from space 3584K, 99% used [0x00000000f8600000,0x00000000f897cb10,0x00000000f8980000)
  to   space 3584K, 0% used [0x00000000fba80000,0x00000000fba80000,0x00000000fbe00000)
 ParOldGen       total 63488K, used 15809K [0x00000000e0000000, 0x00000000e3e00000, 0x00000000f5500000)
  object space 63488K, 24% used [0x00000000e0000000,0x00000000e0f706d0,0x00000000e3e00000)
 PSPermGen       total 21504K, used 20624K [0x00000000d5a00000, 0x00000000d6f00000, 0x00000000e0000000)
  object space 21504K, 95% used [0x00000000d5a00000,0x00000000d6e241d0,0x00000000d6f00000)
}
Event: 179,017 GC heap before
{Heap before GC invocations=4 (full 0):
 PSYoungGen      total 53760K, used 53746K [0x00000000f5500000, 0x00000000fbe00000, 0x0000000100000000)
  eden space 50176K, 100% used [0x00000000f5500000,0x00000000f8600000,0x00000000f8600000)
  from space 3584K, 99% used [0x00000000f8600000,0x00000000f897cb10,0x00000000f8980000)
  to   space 3584K, 0% used [0x00000000fba80000,0x00000000fba80000,0x00000000fbe00000)
 ParOldGen       total 63488K, used 15809K [0x00000000e0000000, 0x00000000e3e00000, 0x00000000f5500000)
  object space 63488K, 24% used [0x00000000e0000000,0x00000000e0f706d0,0x00000000e3e00000)
 PSPermGen       total 21504K, used 20744K [0x00000000d5a00000, 0x00000000d6f00000, 0x00000000e0000000)
  object space 21504K, 96% used [0x00000000d5a00000,0x00000000d6e42048,0x00000000d6f00000)
Event: 179,025 GC heap after
Heap after GC invocations=4 (full 0):
 PSYoungGen      total 53760K, used 3570K [0x00000000f5500000, 0x00000000fbe00000, 0x0000000100000000)
  eden space 50176K, 0% used [0x00000000f5500000,0x00000000f5500000,0x00000000f8600000)
  from space 3584K, 99% used [0x00000000fba80000,0x00000000fbdfcb00,0x00000000fbe00000)
  to   space 3584K, 0% used [0x00000000f8600000,0x00000000f8600000,0x00000000f8980000)
 ParOldGen       total 63488K, used 15913K [0x00000000e0000000, 0x00000000e3e00000, 0x00000000f5500000)
  object space 63488K, 25% used [0x00000000e0000000,0x00000000e0f8a6f0,0x00000000e3e00000)
 PSPermGen       total 21504K, used 20744K [0x00000000d5a00000, 0x00000000d6f00000, 0x00000000e0000000)
  object space 21504K, 96% used [0x00000000d5a00000,0x00000000d6e42048,0x00000000d6f00000)
}

